[09-Dec-2023 23:19:42 UTC] PHP Parse error:  syntax error, unexpected token "<", expecting end of file in /Users/sampilmoriba/Desktop/projet-koukaki/app/public/wp-content/themes/foce-child/templates-parts/oscar.php on line 2
[10-Dec-2023 05:56:32 UTC] PHP Warning:  filemtime(): stat failed for /Users/sampilmoriba/Desktop/projet-koukaki/app/public/wp-content/themes/foce-child/assets/js/swiper_carrousel.js in /Users/sampilmoriba/Desktop/projet-koukaki/app/public/wp-content/themes/foce-child/functions.php on line 36
[10-Dec-2023 05:56:32 UTC] PHP Warning:  filemtime(): stat failed for /Users/sampilmoriba/Desktop/projet-koukaki/app/public/wp-content/themes/foce-child/assets/js/swiper_carrousel.js in /Users/sampilmoriba/Desktop/projet-koukaki/app/public/wp-content/themes/foce-child/functions.php on line 36
[10-Dec-2023 05:56:32 UTC] PHP Warning:  filemtime(): stat failed for /Users/sampilmoriba/Desktop/projet-koukaki/app/public/wp-content/themes/foce-child/assets/js/swiper_carrousel.js in /Users/sampilmoriba/Desktop/projet-koukaki/app/public/wp-content/themes/foce-child/functions.php on line 36
[10-Dec-2023 05:56:32 UTC] PHP Warning:  filemtime(): stat failed for /Users/sampilmoriba/Desktop/projet-koukaki/app/public/wp-content/themes/foce-child/assets/js/swiper_carrousel.js in /Users/sampilmoriba/Desktop/projet-koukaki/app/public/wp-content/themes/foce-child/functions.php on line 36
[10-Dec-2023 05:56:32 UTC] PHP Warning:  filemtime(): stat failed for /Users/sampilmoriba/Desktop/projet-koukaki/app/public/wp-content/themes/foce-child/assets/js/swiper_carrousel.js in /Users/sampilmoriba/Desktop/projet-koukaki/app/public/wp-content/themes/foce-child/functions.php on line 36
[10-Dec-2023 06:02:07 UTC] PHP Warning:  filemtime(): stat failed for /Users/sampilmoriba/Desktop/projet-koukaki/app/public/wp-content/themes/foce-child/assets/js/swiper_carrousel.js in /Users/sampilmoriba/Desktop/projet-koukaki/app/public/wp-content/themes/foce-child/functions.php on line 36
[10-Dec-2023 06:02:07 UTC] PHP Warning:  filemtime(): stat failed for /Users/sampilmoriba/Desktop/projet-koukaki/app/public/wp-content/themes/foce-child/assets/js/swiper_carrousel.js in /Users/sampilmoriba/Desktop/projet-koukaki/app/public/wp-content/themes/foce-child/functions.php on line 36
[10-Dec-2023 06:02:07 UTC] PHP Warning:  filemtime(): stat failed for /Users/sampilmoriba/Desktop/projet-koukaki/app/public/wp-content/themes/foce-child/assets/js/swiper_carrousel.js in /Users/sampilmoriba/Desktop/projet-koukaki/app/public/wp-content/themes/foce-child/functions.php on line 36
[10-Dec-2023 06:02:07 UTC] PHP Warning:  filemtime(): stat failed for /Users/sampilmoriba/Desktop/projet-koukaki/app/public/wp-content/themes/foce-child/assets/js/swiper_carrousel.js in /Users/sampilmoriba/Desktop/projet-koukaki/app/public/wp-content/themes/foce-child/functions.php on line 36
[10-Dec-2023 06:02:07 UTC] PHP Warning:  filemtime(): stat failed for /Users/sampilmoriba/Desktop/projet-koukaki/app/public/wp-content/themes/foce-child/assets/js/swiper_carrousel.js in /Users/sampilmoriba/Desktop/projet-koukaki/app/public/wp-content/themes/foce-child/functions.php on line 36
[11-Dec-2023 00:14:47 UTC] PHP Warning:  filemtime(): stat failed for /Users/sampilmoriba/Desktop/projet-koukaki/app/public/wp-content/themes/foce-child/assets/js/swiper_carrousel.js in /Users/sampilmoriba/Desktop/projet-koukaki/app/public/wp-content/themes/foce-child/functions.php on line 36
[11-Dec-2023 00:14:47 UTC] PHP Warning:  filemtime(): stat failed for /Users/sampilmoriba/Desktop/projet-koukaki/app/public/wp-content/themes/foce-child/assets/js/swiper_carrousel.js in /Users/sampilmoriba/Desktop/projet-koukaki/app/public/wp-content/themes/foce-child/functions.php on line 36
[11-Dec-2023 00:14:47 UTC] PHP Warning:  filemtime(): stat failed for /Users/sampilmoriba/Desktop/projet-koukaki/app/public/wp-content/themes/foce-child/assets/js/swiper_carrousel.js in /Users/sampilmoriba/Desktop/projet-koukaki/app/public/wp-content/themes/foce-child/functions.php on line 36
[11-Dec-2023 00:14:48 UTC] PHP Warning:  filemtime(): stat failed for /Users/sampilmoriba/Desktop/projet-koukaki/app/public/wp-content/themes/foce-child/assets/js/swiper_carrousel.js in /Users/sampilmoriba/Desktop/projet-koukaki/app/public/wp-content/themes/foce-child/functions.php on line 36
[11-Dec-2023 00:14:48 UTC] PHP Warning:  filemtime(): stat failed for /Users/sampilmoriba/Desktop/projet-koukaki/app/public/wp-content/themes/foce-child/assets/js/swiper_carrousel.js in /Users/sampilmoriba/Desktop/projet-koukaki/app/public/wp-content/themes/foce-child/functions.php on line 36
[11-Dec-2023 00:26:52 UTC] PHP Warning:  filemtime(): stat failed for /Users/sampilmoriba/Desktop/projet-koukaki/app/public/wp-content/themes/foce-child/assets/js/swiper_carrousel.js in /Users/sampilmoriba/Desktop/projet-koukaki/app/public/wp-content/themes/foce-child/functions.php on line 36
[11-Dec-2023 00:26:52 UTC] PHP Warning:  filemtime(): stat failed for /Users/sampilmoriba/Desktop/projet-koukaki/app/public/wp-content/themes/foce-child/assets/js/swiper_carrousel.js in /Users/sampilmoriba/Desktop/projet-koukaki/app/public/wp-content/themes/foce-child/functions.php on line 36
[11-Dec-2023 00:26:52 UTC] PHP Warning:  filemtime(): stat failed for /Users/sampilmoriba/Desktop/projet-koukaki/app/public/wp-content/themes/foce-child/assets/js/swiper_carrousel.js in /Users/sampilmoriba/Desktop/projet-koukaki/app/public/wp-content/themes/foce-child/functions.php on line 36
[11-Dec-2023 00:26:52 UTC] PHP Warning:  filemtime(): stat failed for /Users/sampilmoriba/Desktop/projet-koukaki/app/public/wp-content/themes/foce-child/assets/js/swiper_carrousel.js in /Users/sampilmoriba/Desktop/projet-koukaki/app/public/wp-content/themes/foce-child/functions.php on line 36
[11-Dec-2023 00:26:52 UTC] PHP Warning:  filemtime(): stat failed for /Users/sampilmoriba/Desktop/projet-koukaki/app/public/wp-content/themes/foce-child/assets/js/swiper_carrousel.js in /Users/sampilmoriba/Desktop/projet-koukaki/app/public/wp-content/themes/foce-child/functions.php on line 36
[12-Dec-2023 01:12:02 UTC] PHP Parse error:  syntax error, unexpected token ";", expecting ")" in /Users/sampilmoriba/Desktop/projet-koukaki/app/public/wp-content/themes/foce-child/functions.php on line 37
[12-Dec-2023 01:12:03 UTC] PHP Parse error:  syntax error, unexpected token ";", expecting ")" in /Users/sampilmoriba/Desktop/projet-koukaki/app/public/wp-content/themes/foce-child/functions.php on line 37
[12-Dec-2023 01:12:36 UTC] PHP Parse error:  syntax error, unexpected token ";", expecting ")" in /Users/sampilmoriba/Desktop/projet-koukaki/app/public/wp-content/themes/foce-child/functions.php on line 37
[12-Dec-2023 01:12:36 UTC] PHP Parse error:  syntax error, unexpected token ";", expecting ")" in /Users/sampilmoriba/Desktop/projet-koukaki/app/public/wp-content/themes/foce-child/functions.php on line 37
[12-Dec-2023 01:12:38 UTC] PHP Parse error:  syntax error, unexpected token ";", expecting ")" in /Users/sampilmoriba/Desktop/projet-koukaki/app/public/wp-content/themes/foce-child/functions.php on line 37
[12-Dec-2023 01:12:38 UTC] PHP Parse error:  syntax error, unexpected token ";", expecting ")" in /Users/sampilmoriba/Desktop/projet-koukaki/app/public/wp-content/themes/foce-child/functions.php on line 37
[12-Dec-2023 01:12:39 UTC] PHP Parse error:  syntax error, unexpected token ";", expecting ")" in /Users/sampilmoriba/Desktop/projet-koukaki/app/public/wp-content/themes/foce-child/functions.php on line 37
[12-Dec-2023 01:12:39 UTC] PHP Parse error:  syntax error, unexpected token ";", expecting ")" in /Users/sampilmoriba/Desktop/projet-koukaki/app/public/wp-content/themes/foce-child/functions.php on line 37
[12-Dec-2023 01:12:40 UTC] PHP Parse error:  syntax error, unexpected token ";", expecting ")" in /Users/sampilmoriba/Desktop/projet-koukaki/app/public/wp-content/themes/foce-child/functions.php on line 37
[12-Dec-2023 01:12:40 UTC] PHP Parse error:  syntax error, unexpected token ";", expecting ")" in /Users/sampilmoriba/Desktop/projet-koukaki/app/public/wp-content/themes/foce-child/functions.php on line 37
[12-Dec-2023 01:12:43 UTC] PHP Parse error:  syntax error, unexpected token ";", expecting ")" in /Users/sampilmoriba/Desktop/projet-koukaki/app/public/wp-content/themes/foce-child/functions.php on line 37
[12-Dec-2023 01:12:43 UTC] PHP Parse error:  syntax error, unexpected token ";", expecting ")" in /Users/sampilmoriba/Desktop/projet-koukaki/app/public/wp-content/themes/foce-child/functions.php on line 37
[12-Dec-2023 01:12:45 UTC] PHP Parse error:  syntax error, unexpected token ";", expecting ")" in /Users/sampilmoriba/Desktop/projet-koukaki/app/public/wp-content/themes/foce-child/functions.php on line 37
[12-Dec-2023 01:12:45 UTC] PHP Parse error:  syntax error, unexpected token ";", expecting ")" in /Users/sampilmoriba/Desktop/projet-koukaki/app/public/wp-content/themes/foce-child/functions.php on line 37
[12-Dec-2023 01:12:46 UTC] PHP Parse error:  syntax error, unexpected token ";", expecting ")" in /Users/sampilmoriba/Desktop/projet-koukaki/app/public/wp-content/themes/foce-child/functions.php on line 37
[12-Dec-2023 01:12:46 UTC] PHP Parse error:  syntax error, unexpected token ";", expecting ")" in /Users/sampilmoriba/Desktop/projet-koukaki/app/public/wp-content/themes/foce-child/functions.php on line 37
[12-Dec-2023 01:13:27 UTC] PHP Parse error:  syntax error, unexpected token ";", expecting ")" in /Users/sampilmoriba/Desktop/projet-koukaki/app/public/wp-content/themes/foce-child/functions.php on line 37
[12-Dec-2023 01:13:27 UTC] PHP Parse error:  syntax error, unexpected token ";", expecting ")" in /Users/sampilmoriba/Desktop/projet-koukaki/app/public/wp-content/themes/foce-child/functions.php on line 37
[12-Dec-2023 01:13:27 UTC] PHP Parse error:  syntax error, unexpected token ";", expecting ")" in /Users/sampilmoriba/Desktop/projet-koukaki/app/public/wp-content/themes/foce-child/functions.php on line 37
[12-Dec-2023 01:13:27 UTC] PHP Parse error:  syntax error, unexpected token ";", expecting ")" in /Users/sampilmoriba/Desktop/projet-koukaki/app/public/wp-content/themes/foce-child/functions.php on line 37
[12-Dec-2023 01:13:28 UTC] PHP Parse error:  syntax error, unexpected token ";", expecting ")" in /Users/sampilmoriba/Desktop/projet-koukaki/app/public/wp-content/themes/foce-child/functions.php on line 37
[12-Dec-2023 01:13:28 UTC] PHP Parse error:  syntax error, unexpected token ";", expecting ")" in /Users/sampilmoriba/Desktop/projet-koukaki/app/public/wp-content/themes/foce-child/functions.php on line 37
[12-Dec-2023 01:13:28 UTC] PHP Parse error:  syntax error, unexpected token ";", expecting ")" in /Users/sampilmoriba/Desktop/projet-koukaki/app/public/wp-content/themes/foce-child/functions.php on line 37
[12-Dec-2023 01:13:28 UTC] PHP Parse error:  syntax error, unexpected token ";", expecting ")" in /Users/sampilmoriba/Desktop/projet-koukaki/app/public/wp-content/themes/foce-child/functions.php on line 37
[12-Dec-2023 01:13:28 UTC] PHP Parse error:  syntax error, unexpected token ";", expecting ")" in /Users/sampilmoriba/Desktop/projet-koukaki/app/public/wp-content/themes/foce-child/functions.php on line 37
[12-Dec-2023 01:13:28 UTC] PHP Parse error:  syntax error, unexpected token ";", expecting ")" in /Users/sampilmoriba/Desktop/projet-koukaki/app/public/wp-content/themes/foce-child/functions.php on line 37
[12-Dec-2023 01:13:28 UTC] PHP Parse error:  syntax error, unexpected token ";", expecting ")" in /Users/sampilmoriba/Desktop/projet-koukaki/app/public/wp-content/themes/foce-child/functions.php on line 37
[12-Dec-2023 01:13:28 UTC] PHP Parse error:  syntax error, unexpected token ";", expecting ")" in /Users/sampilmoriba/Desktop/projet-koukaki/app/public/wp-content/themes/foce-child/functions.php on line 37
[12-Dec-2023 01:13:28 UTC] PHP Parse error:  syntax error, unexpected token ";", expecting ")" in /Users/sampilmoriba/Desktop/projet-koukaki/app/public/wp-content/themes/foce-child/functions.php on line 37
[12-Dec-2023 01:13:28 UTC] PHP Parse error:  syntax error, unexpected token ";", expecting ")" in /Users/sampilmoriba/Desktop/projet-koukaki/app/public/wp-content/themes/foce-child/functions.php on line 37
[12-Dec-2023 01:13:29 UTC] PHP Parse error:  syntax error, unexpected token ";", expecting ")" in /Users/sampilmoriba/Desktop/projet-koukaki/app/public/wp-content/themes/foce-child/functions.php on line 37
[12-Dec-2023 01:13:29 UTC] PHP Parse error:  syntax error, unexpected token ";", expecting ")" in /Users/sampilmoriba/Desktop/projet-koukaki/app/public/wp-content/themes/foce-child/functions.php on line 37
[12-Dec-2023 01:13:31 UTC] PHP Parse error:  syntax error, unexpected token ";", expecting ")" in /Users/sampilmoriba/Desktop/projet-koukaki/app/public/wp-content/themes/foce-child/functions.php on line 37
[12-Dec-2023 01:13:31 UTC] PHP Parse error:  syntax error, unexpected token ";", expecting ")" in /Users/sampilmoriba/Desktop/projet-koukaki/app/public/wp-content/themes/foce-child/functions.php on line 37
[12-Dec-2023 01:13:32 UTC] PHP Parse error:  syntax error, unexpected token ";", expecting ")" in /Users/sampilmoriba/Desktop/projet-koukaki/app/public/wp-content/themes/foce-child/functions.php on line 37
[12-Dec-2023 01:13:32 UTC] PHP Parse error:  syntax error, unexpected token ";", expecting ")" in /Users/sampilmoriba/Desktop/projet-koukaki/app/public/wp-content/themes/foce-child/functions.php on line 37
[12-Dec-2023 01:13:32 UTC] PHP Parse error:  syntax error, unexpected token ";", expecting ")" in /Users/sampilmoriba/Desktop/projet-koukaki/app/public/wp-content/themes/foce-child/functions.php on line 37
[12-Dec-2023 01:13:32 UTC] PHP Parse error:  syntax error, unexpected token ";", expecting ")" in /Users/sampilmoriba/Desktop/projet-koukaki/app/public/wp-content/themes/foce-child/functions.php on line 37
[12-Dec-2023 01:13:32 UTC] PHP Parse error:  syntax error, unexpected token ";", expecting ")" in /Users/sampilmoriba/Desktop/projet-koukaki/app/public/wp-content/themes/foce-child/functions.php on line 37
[12-Dec-2023 01:13:32 UTC] PHP Parse error:  syntax error, unexpected token ";", expecting ")" in /Users/sampilmoriba/Desktop/projet-koukaki/app/public/wp-content/themes/foce-child/functions.php on line 37
[12-Dec-2023 01:16:14 UTC] PHP Parse error:  syntax error, unexpected token ";", expecting ")" in /Users/sampilmoriba/Desktop/projet-koukaki/app/public/wp-content/themes/foce-child/functions.php on line 37
[12-Dec-2023 01:16:14 UTC] PHP Parse error:  syntax error, unexpected token ";", expecting ")" in /Users/sampilmoriba/Desktop/projet-koukaki/app/public/wp-content/themes/foce-child/functions.php on line 37
[12-Dec-2023 01:16:16 UTC] PHP Parse error:  syntax error, unexpected token ";", expecting ")" in /Users/sampilmoriba/Desktop/projet-koukaki/app/public/wp-content/themes/foce-child/functions.php on line 37
[12-Dec-2023 01:16:16 UTC] PHP Parse error:  syntax error, unexpected token ";", expecting ")" in /Users/sampilmoriba/Desktop/projet-koukaki/app/public/wp-content/themes/foce-child/functions.php on line 37
[12-Dec-2023 02:55:10 UTC] PHP Parse error:  syntax error, unexpected token ";", expecting ")" in /Users/sampilmoriba/Desktop/projet-koukaki/app/public/wp-content/themes/foce-child/functions.php on line 37
[12-Dec-2023 02:55:10 UTC] PHP Parse error:  syntax error, unexpected token ";", expecting ")" in /Users/sampilmoriba/Desktop/projet-koukaki/app/public/wp-content/themes/foce-child/functions.php on line 37
[12-Dec-2023 05:13:32 UTC] PHP Warning:  filemtime(): stat failed for /Users/sampilmoriba/Desktop/projet-koukaki/app/public/wp-content/themes/foce-child/assets/css/style.css in /Users/sampilmoriba/Desktop/projet-koukaki/app/public/wp-content/themes/foce-child/functions.php on line 11
[12-Dec-2023 05:13:32 UTC] PHP Warning:  filemtime(): stat failed for /Users/sampilmoriba/Desktop/projet-koukaki/app/public/wp-content/themes/foce-child/assets/js/custom-fade-in.js in /Users/sampilmoriba/Desktop/projet-koukaki/app/public/wp-content/themes/foce-child/functions.php on line 26
[12-Dec-2023 05:13:32 UTC] PHP Warning:  filemtime(): stat failed for /Users/sampilmoriba/Desktop/projet-koukaki/app/public/wp-content/themes/foce-child/assets/js/swiper_carrousel.js in /Users/sampilmoriba/Desktop/projet-koukaki/app/public/wp-content/themes/foce-child/functions.php on line 44
[12-Dec-2023 05:13:32 UTC] PHP Warning:  filemtime(): stat failed for /Users/sampilmoriba/Desktop/projet-koukaki/app/public/wp-content/themes/foce-child/assets/css/style.css in /Users/sampilmoriba/Desktop/projet-koukaki/app/public/wp-content/themes/foce-child/functions.php on line 11
[12-Dec-2023 05:13:32 UTC] PHP Warning:  filemtime(): stat failed for /Users/sampilmoriba/Desktop/projet-koukaki/app/public/wp-content/themes/foce-child/assets/js/custom-fade-in.js in /Users/sampilmoriba/Desktop/projet-koukaki/app/public/wp-content/themes/foce-child/functions.php on line 26
[12-Dec-2023 05:13:32 UTC] PHP Warning:  filemtime(): stat failed for /Users/sampilmoriba/Desktop/projet-koukaki/app/public/wp-content/themes/foce-child/assets/js/swiper_carrousel.js in /Users/sampilmoriba/Desktop/projet-koukaki/app/public/wp-content/themes/foce-child/functions.php on line 44
[12-Dec-2023 05:13:32 UTC] PHP Warning:  filemtime(): stat failed for /Users/sampilmoriba/Desktop/projet-koukaki/app/public/wp-content/themes/foce-child/assets/css/style.css in /Users/sampilmoriba/Desktop/projet-koukaki/app/public/wp-content/themes/foce-child/functions.php on line 11
[12-Dec-2023 05:13:32 UTC] PHP Warning:  filemtime(): stat failed for /Users/sampilmoriba/Desktop/projet-koukaki/app/public/wp-content/themes/foce-child/assets/js/custom-fade-in.js in /Users/sampilmoriba/Desktop/projet-koukaki/app/public/wp-content/themes/foce-child/functions.php on line 26
[12-Dec-2023 05:13:32 UTC] PHP Warning:  filemtime(): stat failed for /Users/sampilmoriba/Desktop/projet-koukaki/app/public/wp-content/themes/foce-child/assets/js/swiper_carrousel.js in /Users/sampilmoriba/Desktop/projet-koukaki/app/public/wp-content/themes/foce-child/functions.php on line 44
[12-Dec-2023 05:13:32 UTC] PHP Warning:  filemtime(): stat failed for /Users/sampilmoriba/Desktop/projet-koukaki/app/public/wp-content/themes/foce-child/assets/css/style.css in /Users/sampilmoriba/Desktop/projet-koukaki/app/public/wp-content/themes/foce-child/functions.php on line 11
[12-Dec-2023 05:13:32 UTC] PHP Warning:  filemtime(): stat failed for /Users/sampilmoriba/Desktop/projet-koukaki/app/public/wp-content/themes/foce-child/assets/js/custom-fade-in.js in /Users/sampilmoriba/Desktop/projet-koukaki/app/public/wp-content/themes/foce-child/functions.php on line 26
[12-Dec-2023 05:13:32 UTC] PHP Warning:  filemtime(): stat failed for /Users/sampilmoriba/Desktop/projet-koukaki/app/public/wp-content/themes/foce-child/assets/js/swiper_carrousel.js in /Users/sampilmoriba/Desktop/projet-koukaki/app/public/wp-content/themes/foce-child/functions.php on line 44
[12-Dec-2023 05:13:32 UTC] PHP Warning:  filemtime(): stat failed for /Users/sampilmoriba/Desktop/projet-koukaki/app/public/wp-content/themes/foce-child/assets/css/style.css in /Users/sampilmoriba/Desktop/projet-koukaki/app/public/wp-content/themes/foce-child/functions.php on line 11
[12-Dec-2023 05:13:32 UTC] PHP Warning:  filemtime(): stat failed for /Users/sampilmoriba/Desktop/projet-koukaki/app/public/wp-content/themes/foce-child/assets/js/custom-fade-in.js in /Users/sampilmoriba/Desktop/projet-koukaki/app/public/wp-content/themes/foce-child/functions.php on line 26
[12-Dec-2023 05:13:32 UTC] PHP Warning:  filemtime(): stat failed for /Users/sampilmoriba/Desktop/projet-koukaki/app/public/wp-content/themes/foce-child/assets/js/swiper_carrousel.js in /Users/sampilmoriba/Desktop/projet-koukaki/app/public/wp-content/themes/foce-child/functions.php on line 44
[12-Dec-2023 05:13:32 UTC] PHP Warning:  filemtime(): stat failed for /Users/sampilmoriba/Desktop/projet-koukaki/app/public/wp-content/themes/foce-child/assets/css/style.css in /Users/sampilmoriba/Desktop/projet-koukaki/app/public/wp-content/themes/foce-child/functions.php on line 11
[12-Dec-2023 05:13:32 UTC] PHP Warning:  filemtime(): stat failed for /Users/sampilmoriba/Desktop/projet-koukaki/app/public/wp-content/themes/foce-child/assets/js/custom-fade-in.js in /Users/sampilmoriba/Desktop/projet-koukaki/app/public/wp-content/themes/foce-child/functions.php on line 26
[12-Dec-2023 05:13:32 UTC] PHP Warning:  filemtime(): stat failed for /Users/sampilmoriba/Desktop/projet-koukaki/app/public/wp-content/themes/foce-child/assets/js/swiper_carrousel.js in /Users/sampilmoriba/Desktop/projet-koukaki/app/public/wp-content/themes/foce-child/functions.php on line 44
[12-Dec-2023 05:13:32 UTC] PHP Warning:  filemtime(): stat failed for /Users/sampilmoriba/Desktop/projet-koukaki/app/public/wp-content/themes/foce-child/assets/css/style.css in /Users/sampilmoriba/Desktop/projet-koukaki/app/public/wp-content/themes/foce-child/functions.php on line 11
[12-Dec-2023 05:13:32 UTC] PHP Warning:  filemtime(): stat failed for /Users/sampilmoriba/Desktop/projet-koukaki/app/public/wp-content/themes/foce-child/assets/js/custom-fade-in.js in /Users/sampilmoriba/Desktop/projet-koukaki/app/public/wp-content/themes/foce-child/functions.php on line 26
[12-Dec-2023 05:13:32 UTC] PHP Warning:  filemtime(): stat failed for /Users/sampilmoriba/Desktop/projet-koukaki/app/public/wp-content/themes/foce-child/assets/js/swiper_carrousel.js in /Users/sampilmoriba/Desktop/projet-koukaki/app/public/wp-content/themes/foce-child/functions.php on line 44
[12-Dec-2023 05:17:09 UTC] PHP Warning:  filemtime(): stat failed for /Users/sampilmoriba/Desktop/projet-koukaki/app/public/wp-content/themes/foce-child/assets/css/style.css in /Users/sampilmoriba/Desktop/projet-koukaki/app/public/wp-content/themes/foce-child/functions.php on line 11
[12-Dec-2023 05:17:09 UTC] PHP Warning:  filemtime(): stat failed for /Users/sampilmoriba/Desktop/projet-koukaki/app/public/wp-content/themes/foce-child/assets/js/custom-fade-in.js in /Users/sampilmoriba/Desktop/projet-koukaki/app/public/wp-content/themes/foce-child/functions.php on line 27
[12-Dec-2023 05:17:09 UTC] PHP Warning:  filemtime(): stat failed for /Users/sampilmoriba/Desktop/projet-koukaki/app/public/wp-content/themes/foce-child/assets/js/swiper_carrousel.js in /Users/sampilmoriba/Desktop/projet-koukaki/app/public/wp-content/themes/foce-child/functions.php on line 45
[12-Dec-2023 05:17:09 UTC] PHP Warning:  filemtime(): stat failed for /Users/sampilmoriba/Desktop/projet-koukaki/app/public/wp-content/themes/foce-child/assets/css/style.css in /Users/sampilmoriba/Desktop/projet-koukaki/app/public/wp-content/themes/foce-child/functions.php on line 11
[12-Dec-2023 05:17:09 UTC] PHP Warning:  filemtime(): stat failed for /Users/sampilmoriba/Desktop/projet-koukaki/app/public/wp-content/themes/foce-child/assets/js/custom-fade-in.js in /Users/sampilmoriba/Desktop/projet-koukaki/app/public/wp-content/themes/foce-child/functions.php on line 27
[12-Dec-2023 05:17:09 UTC] PHP Warning:  filemtime(): stat failed for /Users/sampilmoriba/Desktop/projet-koukaki/app/public/wp-content/themes/foce-child/assets/js/swiper_carrousel.js in /Users/sampilmoriba/Desktop/projet-koukaki/app/public/wp-content/themes/foce-child/functions.php on line 45
[12-Dec-2023 05:17:09 UTC] PHP Warning:  filemtime(): stat failed for /Users/sampilmoriba/Desktop/projet-koukaki/app/public/wp-content/themes/foce-child/assets/css/style.css in /Users/sampilmoriba/Desktop/projet-koukaki/app/public/wp-content/themes/foce-child/functions.php on line 11
[12-Dec-2023 05:17:09 UTC] PHP Warning:  filemtime(): stat failed for /Users/sampilmoriba/Desktop/projet-koukaki/app/public/wp-content/themes/foce-child/assets/js/custom-fade-in.js in /Users/sampilmoriba/Desktop/projet-koukaki/app/public/wp-content/themes/foce-child/functions.php on line 27
[12-Dec-2023 05:17:09 UTC] PHP Warning:  filemtime(): stat failed for /Users/sampilmoriba/Desktop/projet-koukaki/app/public/wp-content/themes/foce-child/assets/js/swiper_carrousel.js in /Users/sampilmoriba/Desktop/projet-koukaki/app/public/wp-content/themes/foce-child/functions.php on line 45
[12-Dec-2023 05:17:09 UTC] PHP Warning:  filemtime(): stat failed for /Users/sampilmoriba/Desktop/projet-koukaki/app/public/wp-content/themes/foce-child/assets/css/style.css in /Users/sampilmoriba/Desktop/projet-koukaki/app/public/wp-content/themes/foce-child/functions.php on line 11
[12-Dec-2023 05:17:09 UTC] PHP Warning:  filemtime(): stat failed for /Users/sampilmoriba/Desktop/projet-koukaki/app/public/wp-content/themes/foce-child/assets/js/custom-fade-in.js in /Users/sampilmoriba/Desktop/projet-koukaki/app/public/wp-content/themes/foce-child/functions.php on line 27
[12-Dec-2023 05:17:09 UTC] PHP Warning:  filemtime(): stat failed for /Users/sampilmoriba/Desktop/projet-koukaki/app/public/wp-content/themes/foce-child/assets/js/swiper_carrousel.js in /Users/sampilmoriba/Desktop/projet-koukaki/app/public/wp-content/themes/foce-child/functions.php on line 45
[12-Dec-2023 05:17:09 UTC] PHP Warning:  filemtime(): stat failed for /Users/sampilmoriba/Desktop/projet-koukaki/app/public/wp-content/themes/foce-child/assets/css/style.css in /Users/sampilmoriba/Desktop/projet-koukaki/app/public/wp-content/themes/foce-child/functions.php on line 11
[12-Dec-2023 05:17:09 UTC] PHP Warning:  filemtime(): stat failed for /Users/sampilmoriba/Desktop/projet-koukaki/app/public/wp-content/themes/foce-child/assets/js/custom-fade-in.js in /Users/sampilmoriba/Desktop/projet-koukaki/app/public/wp-content/themes/foce-child/functions.php on line 27
[12-Dec-2023 05:17:09 UTC] PHP Warning:  filemtime(): stat failed for /Users/sampilmoriba/Desktop/projet-koukaki/app/public/wp-content/themes/foce-child/assets/js/swiper_carrousel.js in /Users/sampilmoriba/Desktop/projet-koukaki/app/public/wp-content/themes/foce-child/functions.php on line 45
[12-Dec-2023 05:17:09 UTC] PHP Warning:  filemtime(): stat failed for /Users/sampilmoriba/Desktop/projet-koukaki/app/public/wp-content/themes/foce-child/assets/css/style.css in /Users/sampilmoriba/Desktop/projet-koukaki/app/public/wp-content/themes/foce-child/functions.php on line 11
[12-Dec-2023 05:17:09 UTC] PHP Warning:  filemtime(): stat failed for /Users/sampilmoriba/Desktop/projet-koukaki/app/public/wp-content/themes/foce-child/assets/css/style.css in /Users/sampilmoriba/Desktop/projet-koukaki/app/public/wp-content/themes/foce-child/functions.php on line 11
[12-Dec-2023 05:17:09 UTC] PHP Warning:  filemtime(): stat failed for /Users/sampilmoriba/Desktop/projet-koukaki/app/public/wp-content/themes/foce-child/assets/js/custom-fade-in.js in /Users/sampilmoriba/Desktop/projet-koukaki/app/public/wp-content/themes/foce-child/functions.php on line 27
[12-Dec-2023 05:17:09 UTC] PHP Warning:  filemtime(): stat failed for /Users/sampilmoriba/Desktop/projet-koukaki/app/public/wp-content/themes/foce-child/assets/js/custom-fade-in.js in /Users/sampilmoriba/Desktop/projet-koukaki/app/public/wp-content/themes/foce-child/functions.php on line 27
[12-Dec-2023 05:17:09 UTC] PHP Warning:  filemtime(): stat failed for /Users/sampilmoriba/Desktop/projet-koukaki/app/public/wp-content/themes/foce-child/assets/js/swiper_carrousel.js in /Users/sampilmoriba/Desktop/projet-koukaki/app/public/wp-content/themes/foce-child/functions.php on line 45
[12-Dec-2023 05:17:09 UTC] PHP Warning:  filemtime(): stat failed for /Users/sampilmoriba/Desktop/projet-koukaki/app/public/wp-content/themes/foce-child/assets/js/swiper_carrousel.js in /Users/sampilmoriba/Desktop/projet-koukaki/app/public/wp-content/themes/foce-child/functions.php on line 45
[12-Dec-2023 05:17:10 UTC] PHP Warning:  filemtime(): stat failed for /Users/sampilmoriba/Desktop/projet-koukaki/app/public/wp-content/themes/foce-child/assets/css/style.css in /Users/sampilmoriba/Desktop/projet-koukaki/app/public/wp-content/themes/foce-child/functions.php on line 11
[12-Dec-2023 05:17:10 UTC] PHP Warning:  filemtime(): stat failed for /Users/sampilmoriba/Desktop/projet-koukaki/app/public/wp-content/themes/foce-child/assets/js/custom-fade-in.js in /Users/sampilmoriba/Desktop/projet-koukaki/app/public/wp-content/themes/foce-child/functions.php on line 27
[12-Dec-2023 05:17:10 UTC] PHP Warning:  filemtime(): stat failed for /Users/sampilmoriba/Desktop/projet-koukaki/app/public/wp-content/themes/foce-child/assets/js/swiper_carrousel.js in /Users/sampilmoriba/Desktop/projet-koukaki/app/public/wp-content/themes/foce-child/functions.php on line 45
[12-Dec-2023 05:17:10 UTC] PHP Warning:  filemtime(): stat failed for /Users/sampilmoriba/Desktop/projet-koukaki/app/public/wp-content/themes/foce-child/assets/css/style.css in /Users/sampilmoriba/Desktop/projet-koukaki/app/public/wp-content/themes/foce-child/functions.php on line 11
[12-Dec-2023 05:17:10 UTC] PHP Warning:  filemtime(): stat failed for /Users/sampilmoriba/Desktop/projet-koukaki/app/public/wp-content/themes/foce-child/assets/js/custom-fade-in.js in /Users/sampilmoriba/Desktop/projet-koukaki/app/public/wp-content/themes/foce-child/functions.php on line 27
[12-Dec-2023 05:17:10 UTC] PHP Warning:  filemtime(): stat failed for /Users/sampilmoriba/Desktop/projet-koukaki/app/public/wp-content/themes/foce-child/assets/js/swiper_carrousel.js in /Users/sampilmoriba/Desktop/projet-koukaki/app/public/wp-content/themes/foce-child/functions.php on line 45
[12-Dec-2023 05:17:10 UTC] PHP Warning:  filemtime(): stat failed for /Users/sampilmoriba/Desktop/projet-koukaki/app/public/wp-content/themes/foce-child/assets/css/style.css in /Users/sampilmoriba/Desktop/projet-koukaki/app/public/wp-content/themes/foce-child/functions.php on line 11
[12-Dec-2023 05:17:10 UTC] PHP Warning:  filemtime(): stat failed for /Users/sampilmoriba/Desktop/projet-koukaki/app/public/wp-content/themes/foce-child/assets/js/custom-fade-in.js in /Users/sampilmoriba/Desktop/projet-koukaki/app/public/wp-content/themes/foce-child/functions.php on line 27
[12-Dec-2023 05:17:10 UTC] PHP Warning:  filemtime(): stat failed for /Users/sampilmoriba/Desktop/projet-koukaki/app/public/wp-content/themes/foce-child/assets/js/swiper_carrousel.js in /Users/sampilmoriba/Desktop/projet-koukaki/app/public/wp-content/themes/foce-child/functions.php on line 45
[12-Dec-2023 05:17:11 UTC] PHP Warning:  filemtime(): stat failed for /Users/sampilmoriba/Desktop/projet-koukaki/app/public/wp-content/themes/foce-child/assets/css/style.css in /Users/sampilmoriba/Desktop/projet-koukaki/app/public/wp-content/themes/foce-child/functions.php on line 11
[12-Dec-2023 05:17:11 UTC] PHP Warning:  filemtime(): stat failed for /Users/sampilmoriba/Desktop/projet-koukaki/app/public/wp-content/themes/foce-child/assets/js/custom-fade-in.js in /Users/sampilmoriba/Desktop/projet-koukaki/app/public/wp-content/themes/foce-child/functions.php on line 27
[12-Dec-2023 05:17:11 UTC] PHP Warning:  filemtime(): stat failed for /Users/sampilmoriba/Desktop/projet-koukaki/app/public/wp-content/themes/foce-child/assets/js/swiper_carrousel.js in /Users/sampilmoriba/Desktop/projet-koukaki/app/public/wp-content/themes/foce-child/functions.php on line 45
[12-Dec-2023 05:17:11 UTC] PHP Warning:  filemtime(): stat failed for /Users/sampilmoriba/Desktop/projet-koukaki/app/public/wp-content/themes/foce-child/assets/css/style.css in /Users/sampilmoriba/Desktop/projet-koukaki/app/public/wp-content/themes/foce-child/functions.php on line 11
[12-Dec-2023 05:17:11 UTC] PHP Warning:  filemtime(): stat failed for /Users/sampilmoriba/Desktop/projet-koukaki/app/public/wp-content/themes/foce-child/assets/js/custom-fade-in.js in /Users/sampilmoriba/Desktop/projet-koukaki/app/public/wp-content/themes/foce-child/functions.php on line 27
[12-Dec-2023 05:17:11 UTC] PHP Warning:  filemtime(): stat failed for /Users/sampilmoriba/Desktop/projet-koukaki/app/public/wp-content/themes/foce-child/assets/js/swiper_carrousel.js in /Users/sampilmoriba/Desktop/projet-koukaki/app/public/wp-content/themes/foce-child/functions.php on line 45
[12-Dec-2023 05:17:11 UTC] PHP Warning:  filemtime(): stat failed for /Users/sampilmoriba/Desktop/projet-koukaki/app/public/wp-content/themes/foce-child/assets/css/style.css in /Users/sampilmoriba/Desktop/projet-koukaki/app/public/wp-content/themes/foce-child/functions.php on line 11
[12-Dec-2023 05:17:11 UTC] PHP Warning:  filemtime(): stat failed for /Users/sampilmoriba/Desktop/projet-koukaki/app/public/wp-content/themes/foce-child/assets/js/custom-fade-in.js in /Users/sampilmoriba/Desktop/projet-koukaki/app/public/wp-content/themes/foce-child/functions.php on line 27
[12-Dec-2023 05:17:11 UTC] PHP Warning:  filemtime(): stat failed for /Users/sampilmoriba/Desktop/projet-koukaki/app/public/wp-content/themes/foce-child/assets/js/swiper_carrousel.js in /Users/sampilmoriba/Desktop/projet-koukaki/app/public/wp-content/themes/foce-child/functions.php on line 45
[12-Dec-2023 05:17:11 UTC] PHP Warning:  filemtime(): stat failed for /Users/sampilmoriba/Desktop/projet-koukaki/app/public/wp-content/themes/foce-child/assets/css/style.css in /Users/sampilmoriba/Desktop/projet-koukaki/app/public/wp-content/themes/foce-child/functions.php on line 11
[12-Dec-2023 05:17:11 UTC] PHP Warning:  filemtime(): stat failed for /Users/sampilmoriba/Desktop/projet-koukaki/app/public/wp-content/themes/foce-child/assets/js/custom-fade-in.js in /Users/sampilmoriba/Desktop/projet-koukaki/app/public/wp-content/themes/foce-child/functions.php on line 27
[12-Dec-2023 05:17:11 UTC] PHP Warning:  filemtime(): stat failed for /Users/sampilmoriba/Desktop/projet-koukaki/app/public/wp-content/themes/foce-child/assets/js/swiper_carrousel.js in /Users/sampilmoriba/Desktop/projet-koukaki/app/public/wp-content/themes/foce-child/functions.php on line 45
[12-Dec-2023 05:19:08 UTC] PHP Parse error:  syntax error, unexpected token ";", expecting ")" in /Users/sampilmoriba/Desktop/projet-koukaki/app/public/wp-content/themes/foce-child/functions.php on line 44
[12-Dec-2023 05:19:08 UTC] PHP Parse error:  syntax error, unexpected token ";", expecting ")" in /Users/sampilmoriba/Desktop/projet-koukaki/app/public/wp-content/themes/foce-child/functions.php on line 44
[12-Dec-2023 05:19:09 UTC] PHP Parse error:  syntax error, unexpected token ";", expecting ")" in /Users/sampilmoriba/Desktop/projet-koukaki/app/public/wp-content/themes/foce-child/functions.php on line 44
[12-Dec-2023 05:19:09 UTC] PHP Parse error:  syntax error, unexpected token ";", expecting ")" in /Users/sampilmoriba/Desktop/projet-koukaki/app/public/wp-content/themes/foce-child/functions.php on line 44
[12-Dec-2023 05:43:45 UTC] PHP Parse error:  Unterminated comment starting line 2 in /Users/sampilmoriba/Desktop/projet-koukaki/app/public/wp-content/themes/foce-child/header.php on line 2
